                                               Cluster
  Run  Product Compare     Pop   Edges Clusters   Size Leesalee  Slope  %Urban   Xmean   Ymean     Rad  Fmatch Diff  Brd Sprd  Slp   RG
    0  0.40156 0.96668 1.00000 1.00000 1.00000 1.00000 0.66121 1.00000 1.00000 1.00000 1.00000 1.00000 0.62824    1   50   45    1   25
    1  0.40166 0.96668 1.00000 1.00000 1.00000 1.00000 0.66123 1.00000 1.00000 1.00000 1.00000 1.00000 0.62838    1   50   45    1   35
    2  0.40159 0.96653 1.00000 1.00000 1.00000 1.00000 0.66107 1.00000 1.00000 1.00000 1.00000 1.00000 0.62851    1   50   45    1   45
    3  0.40177 0.96681 1.00000 1.00000 1.00000 1.00000 0.66109 1.00000 1.00000 1.00000 1.00000 1.00000 0.62860    1   50   45    1   55
    4  0.40186 0.96681 1.00000 1.00000 1.00000 1.00000 0.66132 1.00000 1.00000 1.00000 1.00000 1.00000 0.62852    1   50   45    1   65
    5  0.40187 0.96676 1.00000 1.00000 1.00000 1.00000 0.66125 1.00000 1.00000 1.00000 1.00000 1.00000 0.62863    1   50   45    1   75
    6  0.40138 0.96695 1.00000 1.00000 1.00000 1.00000 0.66090 1.00000 1.00000 1.00000 1.00000 1.00000 0.62808    1   50   45    5   25
    7  0.40118 0.96570 1.00000 1.00000 1.00000 1.00000 0.66113 1.00000 1.00000 1.00000 1.00000 1.00000 0.62837    1   50   45    5   35
    8  0.40154 0.96627 1.00000 1.00000 1.00000 1.00000 0.66116 1.00000 1.00000 1.00000 1.00000 1.00000 0.62852    1   50   45    5   45
    9  0.40176 0.96661 1.00000 1.00000 1.00000 1.00000 0.66130 1.00000 1.00000 1.00000 1.00000 1.00000 0.62851    1   50   45    5   55
   10  0.40171 0.96620 1.00000 1.00000 1.00000 1.00000 0.66138 1.00000 1.00000 1.00000 1.00000 1.00000 0.62863    1   50   45    5   65
   11  0.40150 0.96670 1.00000 1.00000 1.00000 1.00000 0.66110 1.00000 1.00000 1.00000 1.00000 1.00000 0.62824    1   50   45    5   75
   12  0.40161 0.96590 1.00000 1.00000 1.00000 1.00000 0.66118 1.00000 1.00000 1.00000 1.00000 1.00000 0.62885    1   50   45   10   25
   13  0.40164 0.96667 1.00000 1.00000 1.00000 1.00000 0.66092 1.00000 1.00000 1.00000 1.00000 1.00000 0.62866    1   50   45   10   35
   14  0.40148 0.96637 1.00000 1.00000 1.00000 1.00000 0.66107 1.00000 1.00000 1.00000 1.00000 1.00000 0.62845    1   50   45   10   45
   15  0.40192 0.96621 1.00000 1.00000 1.00000 1.00000 0.66123 1.00000 1.00000 1.00000 1.00000 1.00000 0.62909    1   50   45   10   55
   16  0.40168 0.96641 1.00000 1.00000 1.00000 1.00000 0.66104 1.00000 1.00000 1.00000 1.00000 1.00000 0.62878    1   50   45   10   65
   17  0.40172 0.96600 1.00000 1.00000 1.00000 1.00000 0.66108 1.00000 1.00000 1.00000 1.00000 1.00000 0.62906    1   50   45   10   75
   18  0.40155 0.96589 1.00000 1.00000 1.00000 1.00000 0.66122 1.00000 1.00000 1.00000 1.00000 1.00000 0.62873    1   50   45   15   25
   19  0.40148 0.96574 1.00000 1.00000 1.00000 1.00000 0.66106 1.00000 1.00000 1.00000 1.00000 1.00000 0.62887    1   50   45   15   35
   20  0.40159 0.96648 1.00000 1.00000 1.00000 1.00000 0.66111 1.00000 1.00000 1.00000 1.00000 1.00000 0.62852    1   50   45   15   45
   21  0.40170 0.96631 1.00000 1.00000 1.00000 1.00000 0.66116 1.00000 1.00000 1.00000 1.00000 1.00000 0.62875    1   50   45   15   55
   22  0.40150 0.96608 1.00000 1.00000 1.00000 1.00000 0.66120 1.00000 1.00000 1.00000 1.00000 1.00000 0.62855    1   50   45   15   65
   23  0.40176 0.96646 1.00000 1.00000 1.00000 1.00000 0.66118 1.00000 1.00000 1.00000 1.00000 1.00000 0.62873    1   50   45   15   75
   24  0.40143 0.96527 1.00000 1.00000 1.00000 1.00000 0.66123 1.00000 1.00000 1.00000 1.00000 1.00000 0.62894    1   50   45   20   25
   25  0.40114 0.96579 1.00000 1.00000 1.00000 1.00000 0.66073 1.00000 1.00000 1.00000 1.00000 1.00000 0.62861    1   50   45   20   35
   26  0.40191 0.96615 1.00000 1.00000 1.00000 1.00000 0.66098 1.00000 1.00000 1.00000 1.00000 1.00000 0.62936    1   50   45   20   45
   27  0.40230 0.96648 1.00000 1.00000 1.00000 1.00000 0.66112 1.00000 1.00000 1.00000 1.00000 1.00000 0.62961    1   50   45   20   55
   28  0.40139 0.96497 1.00000 1.00000 1.00000 1.00000 0.66107 1.00000 1.00000 1.00000 1.00000 1.00000 0.62923    1   50   45   20   65
   29  0.40171 0.96521 1.00000 1.00000 1.00000 1.00000 0.66101 1.00000 1.00000 1.00000 1.00000 1.00000 0.62962    1   50   45   20   75
   30  0.40252 0.97030 1.00000 1.00000 1.00000 1.00000 0.66115 1.00000 1.00000 1.00000 1.00000 1.00000 0.62746    1   50   50    1   25
   31  0.40267 0.96997 1.00000 1.00000 1.00000 1.00000 0.66111 1.00000 1.00000 1.00000 1.00000 1.00000 0.62794    1   50   50    1   35
   32  0.40079 0.97052 1.00000 1.00000 1.00000 1.00000 0.66112 1.00000 1.00000 1.00000 1.00000 1.00000 0.62464    1   50   50    1   45
   33  0.40252 0.96959 1.00000 1.00000 1.00000 1.00000 0.66127 1.00000 1.00000 1.00000 1.00000 1.00000 0.62779    1   50   50    1   55
   34  0.40329 0.97139 1.00000 1.00000 1.00000 1.00000 0.66162 1.00000 1.00000 1.00000 1.00000 1.00000 0.62750    1   50   50    1   65
   35  0.40237 0.96900 1.00000 1.00000 1.00000 1.00000 0.66130 1.00000 1.00000 1.00000 1.00000 1.00000 0.62793    1   50   50    1   75
   36  0.40340 0.97263 1.00000 1.00000 1.00000 1.00000 0.66118 1.00000 1.00000 1.00000 1.00000 1.00000 0.62729    1   50   50    5   25
   37  0.40131 0.97130 1.00000 1.00000 1.00000 1.00000 0.66123 1.00000 1.00000 1.00000 1.00000 1.00000 0.62484    1   50   50    5   35
   38  0.40208 0.96928 1.00000 1.00000 1.00000 1.00000 0.66115 1.00000 1.00000 1.00000 1.00000 1.00000 0.62742    1   50   50    5   45
   39  0.40269 0.97087 1.00000 1.00000 1.00000 1.00000 0.66113 1.00000 1.00000 1.00000 1.00000 1.00000 0.62737    1   50   50    5   55
   40  0.40228 0.97061 1.00000 1.00000 1.00000 1.00000 0.66096 1.00000 1.00000 1.00000 1.00000 1.00000 0.62706    1   50   50    5   65
   41  0.40289 0.97016 1.00000 1.00000 1.00000 1.00000 0.66139 1.00000 1.00000 1.00000 1.00000 1.00000 0.62789    1   50   50    5   75
   42  0.40167 0.97212 1.00000 1.00000 1.00000 1.00000 0.66137 1.00000 1.00000 1.00000 1.00000 1.00000 0.62474    1   50   50   10   25
   43  0.40222 0.96949 1.00000 1.00000 1.00000 1.00000 0.66116 1.00000 1.00000 1.00000 1.00000 1.00000 0.62749    1   50   50   10   35
   44  0.40322 0.97119 1.00000 1.00000 1.00000 1.00000 0.66128 1.00000 1.00000 1.00000 1.00000 1.00000 0.62785    1   50   50   10   45
   45  0.40305 0.96989 1.00000 1.00000 1.00000 1.00000 0.66150 1.00000 1.00000 1.00000 1.00000 1.00000 0.62822    1   50   50   10   55
   46  0.40244 0.97027 1.00000 1.00000 1.00000 1.00000 0.66093 1.00000 1.00000 1.00000 1.00000 1.00000 0.62755    1   50   50   10   65
   47  0.40165 0.97279 1.00000 1.00000 1.00000 1.00000 0.66108 1.00000 1.00000 1.00000 1.00000 1.00000 0.62455    1   50   50   10   75
   48  0.40313 0.97490 1.00000 1.00000 1.00000 1.00000 0.66151 1.00000 1.00000 1.00000 1.00000 1.00000 0.62510    1   50   50   15   25
   49  0.40222 0.96991 1.00000 1.00000 1.00000 1.00000 0.66102 1.00000 1.00000 1.00000 1.00000 1.00000 0.62736    1   50   50   15   35
   50  0.40300 0.97482 1.00000 1.00000 1.00000 1.00000 0.66110 1.00000 1.00000 1.00000 1.00000 1.00000 0.62534    1   50   50   15   45
   51  0.40144 0.97094 1.00000 1.00000 1.00000 1.00000 0.66095 1.00000 1.00000 1.00000 1.00000 1.00000 0.62554    1   50   50   15   55
   52  0.40273 0.96960 1.00000 1.00000 1.00000 1.00000 0.66105 1.00000 1.00000 1.00000 1.00000 1.00000 0.62833    1   50   50   15   65
   53  0.40146 0.97120 1.00000 1.00000 1.00000 1.00000 0.66154 1.00000 1.00000 1.00000 1.00000 1.00000 0.62485    1   50   50   15   75
   54  0.40342 0.97104 1.00000 1.00000 1.00000 1.00000 0.66113 1.00000 1.00000 1.00000 1.00000 1.00000 0.62840    1   50   50   20   25
   55  0.40255 0.97436 1.00000 1.00000 1.00000 1.00000 0.66132 1.00000 1.00000 1.00000 1.00000 1.00000 0.62473    1   50   50   20   35
   56  0.40181 0.97216 1.00000 1.00000 1.00000 1.00000 0.66115 1.00000 1.00000 1.00000 1.00000 1.00000 0.62516    1   50   50   20   45
   57  0.40139 0.97078 1.00000 1.00000 1.00000 1.00000 0.66128 1.00000 1.00000 1.00000 1.00000 1.00000 0.62526    1   50   50   20   55
   58  0.40292 0.97035 1.00000 1.00000 1.00000 1.00000 0.66136 1.00000 1.00000 1.00000 1.00000 1.00000 0.62784    1   50   50   20   65
   59  0.40094 0.97015 1.00000 1.00000 1.00000 1.00000 0.66103 1.00000 1.00000 1.00000 1.00000 1.00000 0.62520    1   50   50   20   75
   60  0.40426 0.97884 1.00000 1.00000 1.00000 1.00000 0.66141 1.00000 1.00000 1.00000 1.00000 1.00000 0.62442    1   50   55    1   25
   61  0.40396 0.97884 1.00000 1.00000 1.00000 1.00000 0.66122 1.00000 1.00000 1.00000 1.00000 1.00000 0.62413    1   50   55    1   35
   62  0.40382 0.97876 1.00000 1.00000 1.00000 1.00000 0.66142 1.00000 1.00000 1.00000 1.00000 1.00000 0.62378    1   50   55    1   45
   63  0.40418 0.97903 1.00000 1.00000 1.00000 1.00000 0.66136 1.00000 1.00000 1.00000 1.00000 1.00000 0.62422    1   50   55    1   55
   64  0.40406 0.97851 1.00000 1.00000 1.00000 1.00000 0.66137 1.00000 1.00000 1.00000 1.00000 1.00000 0.62436    1   50   55    1   65
   65  0.40386 0.97902 1.00000 1.00000 1.00000 1.00000 0.66130 1.00000 1.00000 1.00000 1.00000 1.00000 0.62380    1   50   55    1   75
   66  0.40399 0.97893 1.00000 1.00000 1.00000 1.00000 0.66126 1.00000 1.00000 1.00000 1.00000 1.00000 0.62408    1   50   55    5   25
   67  0.40383 0.97858 1.00000 1.00000 1.00000 1.00000 0.66120 1.00000 1.00000 1.00000 1.00000 1.00000 0.62412    1   50   55    5   35
   68  0.40411 0.97901 1.00000 1.00000 1.00000 1.00000 0.66112 1.00000 1.00000 1.00000 1.00000 1.00000 0.62436    1   50   55    5   45
   69  0.40377 0.97885 1.00000 1.00000 1.00000 1.00000 0.66098 1.00000 1.00000 1.00000 1.00000 1.00000 0.62406    1   50   55    5   55
   70  0.40393 0.97849 1.00000 1.00000 1.00000 1.00000 0.66127 1.00000 1.00000 1.00000 1.00000 1.00000 0.62427    1   50   55    5   65
   71  0.40401 0.97878 1.00000 1.00000 1.00000 1.00000 0.66133 1.00000 1.00000 1.00000 1.00000 1.00000 0.62415    1   50   55    5   75
   72  0.40415 0.97843 1.00000 1.00000 1.00000 1.00000 0.66135 1.00000 1.00000 1.00000 1.00000 1.00000 0.62458    1   50   55   10   25
   73  0.40413 0.97854 1.00000 1.00000 1.00000 1.00000 0.66106 1.00000 1.00000 1.00000 1.00000 1.00000 0.62474    1   50   55   10   35
   74  0.40397 0.97864 1.00000 1.00000 1.00000 1.00000 0.66135 1.00000 1.00000 1.00000 1.00000 1.00000 0.62416    1   50   55   10   45
   75  0.40408 0.97856 1.00000 1.00000 1.00000 1.00000 0.66114 1.00000 1.00000 1.00000 1.00000 1.00000 0.62458    1   50   55   10   55
   76  0.40416 0.97833 1.00000 1.00000 1.00000 1.00000 0.66134 1.00000 1.00000 1.00000 1.00000 1.00000 0.62466    1   50   55   10   65
   77  0.40391 0.97821 1.00000 1.00000 1.00000 1.00000 0.66124 1.00000 1.00000 1.00000 1.00000 1.00000 0.62444    1   50   55   10   75
   78  0.40396 0.97823 1.00000 1.00000 1.00000 1.00000 0.66138 1.00000 1.00000 1.00000 1.00000 1.00000 0.62437    1   50   55   15   25
   79  0.40394 0.97790 1.00000 1.00000 1.00000 1.00000 0.66135 1.00000 1.00000 1.00000 1.00000 1.00000 0.62459    1   50   55   15   35
   80  0.40383 0.97780 1.00000 1.00000 1.00000 1.00000 0.66138 1.00000 1.00000 1.00000 1.00000 1.00000 0.62444    1   50   55   15   45
   81  0.40384 0.97768 1.00000 1.00000 1.00000 1.00000 0.66143 1.00000 1.00000 1.00000 1.00000 1.00000 0.62450    1   50   55   15   55
   82  0.40380 0.97799 1.00000 1.00000 1.00000 1.00000 0.66128 1.00000 1.00000 1.00000 1.00000 1.00000 0.62438    1   50   55   15   65
   83  0.40395 0.97796 1.00000 1.00000 1.00000 1.00000 0.66136 1.00000 1.00000 1.00000 1.00000 1.00000 0.62455    1   50   55   15   75
   84  0.40380 0.97752 1.00000 1.00000 1.00000 1.00000 0.66115 1.00000 1.00000 1.00000 1.00000 1.00000 0.62480    1   50   55   20   25
   85  0.40389 0.97784 1.00000 1.00000 1.00000 1.00000 0.66138 1.00000 1.00000 1.00000 1.00000 1.00000 0.62453    1   50   55   20   35
   86  0.40360 0.97750 1.00000 1.00000 1.00000 1.00000 0.66123 1.00000 1.00000 1.00000 1.00000 1.00000 0.62442    1   50   55   20   45
   87  0.40398 0.97758 1.00000 1.00000 1.00000 1.00000 0.66130 1.00000 1.00000 1.00000 1.00000 1.00000 0.62490    1   50   55   20   55
   88  0.40398 0.97761 1.00000 1.00000 1.00000 1.00000 0.66129 1.00000 1.00000 1.00000 1.00000 1.00000 0.62489    1   50   55   20   65
   89  0.40401 0.97875 1.00000 1.00000 1.00000 1.00000 0.66104 1.00000 1.00000 1.00000 1.00000 1.00000 0.62444    1   50   55   20   75
   90  0.40478 0.98062 1.00000 1.00000 1.00000 1.00000 0.66115 1.00000 1.00000 1.00000 1.00000 1.00000 0.62433    1   50   60    1   25
   91  0.40565 0.98295 1.00000 1.00000 1.00000 1.00000 0.66115 1.00000 1.00000 1.00000 1.00000 1.00000 0.62420    1   50   60    1   35
   92  0.40398 0.98278 1.00000 1.00000 1.00000 1.00000 0.66142 1.00000 1.00000 1.00000 1.00000 1.00000 0.62148    1   50   60    1   45
   93  0.40400 0.98365 1.00000 1.00000 1.00000 1.00000 0.66127 1.00000 1.00000 1.00000 1.00000 1.00000 0.62109    1   50   60    1   55
   94  0.40548 0.98299 1.00000 1.00000 1.00000 1.00000 0.66123 1.00000 1.00000 1.00000 1.00000 1.00000 0.62384    1   50   60    1   65
   95  0.40444 0.98527 1.00000 1.00000 1.00000 1.00000 0.66112 1.00000 1.00000 1.00000 1.00000 1.00000 0.62090    1   50   60    1   75
   96  0.40466 0.98593 1.00000 1.00000 1.00000 1.00000 0.66094 1.00000 1.00000 1.00000 1.00000 1.00000 0.62099    1   50   60    5   25
   97  0.40362 0.98256 1.00000 1.00000 1.00000 1.00000 0.66111 1.00000 1.00000 1.00000 1.00000 1.00000 0.62136    1   50   60    5   35
   98  0.40300 0.98107 1.00000 1.00000 1.00000 1.00000 0.66116 1.00000 1.00000 1.00000 1.00000 1.00000 0.62129    1   50   60    5   45
   99  0.40475 0.98472 1.00000 1.00000 1.00000 1.00000 0.66125 1.00000 1.00000 1.00000 1.00000 1.00000 0.62160    1   50   60    5   55
  100  0.40394 0.98351 1.00000 1.00000 1.00000 1.00000 0.66118 1.00000 1.00000 1.00000 1.00000 1.00000 0.62118    1   50   60    5   65
