nrows = 695
ncols = 843
total_pixels = 585885
igrid_count = 11
pgrid_count = 6
wgrid_count = 2
check_pixel_count = 20
BYTES_PER_WORD = 8
BYTES_PER_PIXEL = 8
bytes_p_grid = 4687080
bytes_p_grid_rounded2wordboundary = 4687080
words in a grid = 585885
igrid_size = 585885 words
pgrid_size = 585885 words
wgrid_size = 585885 words
mem_check_size = 1 words
bytes2allocate = 89054680


Memory starts at -2023436272 and ends at -1934381592
-2023436272 mem_check_array[ 0]
-2023436264 igrid_array[ 0]
-2018749184 mem_check_array[ 1]
-2018749176 igrid_array[ 1]
-2014062096 mem_check_array[ 2]
-2014062088 igrid_array[ 2]
-2009375008 mem_check_array[ 3]
-2009375000 igrid_array[ 3]
-2004687920 mem_check_array[ 4]
-2004687912 igrid_array[ 4]
-2000000832 mem_check_array[ 5]
-2000000824 igrid_array[ 5]
-1995313744 mem_check_array[ 6]
-1995313736 igrid_array[ 6]
-1990626656 mem_check_array[ 7]
-1990626648 igrid_array[ 7]
-1985939568 mem_check_array[ 8]
-1985939560 igrid_array[ 8]
-1981252480 mem_check_array[ 9]
-1981252472 igrid_array[ 9]
-1976565392 mem_check_array[10]
-1976565384 igrid_array[10]
-1971878304 mem_check_array[11]
-1971878296 pgrid_array[ 0]
-1967191216 mem_check_array[12]
-1967191208 pgrid_array[ 1]
-1962504128 mem_check_array[13]
-1962504120 pgrid_array[ 2]
-1957817040 mem_check_array[14]
-1957817032 pgrid_array[ 3]
-1953129952 mem_check_array[15]
-1953129944 pgrid_array[ 4]
-1948442864 mem_check_array[16]
-1948442856 pgrid_array[ 5]
-1943755776 mem_check_array[17]
-1943755768 wgrid_array[ 0]
-1939068688 mem_check_array[18]
-1939068680 wgrid_array[ 1]
-1934381600 mem_check_array[19]
-1934381592 End of memory 
-2107135856 s color_table_landuse_ptr     size= 3156 bytes count=   1 color_obj.c 428
-2107132700 e color_table_landuse_ptr     END OF color_obj.c 428
-2107132688 s color_table_probability_ptr size= 3156 bytes count=   1 color_obj.c 429
-2107129532 e color_table_probability_ptr END OF color_obj.c 429
-2107129520 s color_table_growth_ptr      size= 3156 bytes count=   1 color_obj.c 430
-2107126364 e color_table_growth_ptr      END OF color_obj.c 430
-2107126352 s color_table_deltatron_ptr   size= 3156 bytes count=   1 color_obj.c 431
-2107123196 e color_table_deltatron_ptr   END OF color_obj.c 431
-2107123184 s color_table_grayscale_ptr   size= 3156 bytes count=   1 color_obj.c 432
-2107120028 e color_table_grayscale_ptr   END OF color_obj.c 432
1562914272 s &saved_coefficient          size=   40 bytes count=   1 coeff_obj.c 1151
1562914312 e &saved_coefficient          END OF coeff_obj.c 1151
1562914208 s &current_coefficient        size=   40 bytes count=   1 coeff_obj.c 1152
1562914248 e &current_coefficient        END OF coeff_obj.c 1152
1562914176 s &step_coeff                 size=   40 bytes count=   1 coeff_obj.c 1153
1562914196 e &step_coeff                 END OF coeff_obj.c 1153
1562914144 s &start_coeff                size=   40 bytes count=   1 coeff_obj.c 1154
1562914164 e &start_coeff                END OF coeff_obj.c 1154
1562914112 s &stop_coeff                 size=   40 bytes count=   1 coeff_obj.c 1155
1562914132 e &stop_coeff                 END OF coeff_obj.c 1155
1562914080 s &best_fit_coeff             size=   40 bytes count=   1 coeff_obj.c 1156
1562914100 e &best_fit_coeff             END OF coeff_obj.c 1156
1562913920 s &coeff_filename[0]          size=    1 bytes count= 150 coeff_obj.c 1157
1562905472 s &array[0]                   size=  160 bytes count=  20 timer_obj.c 68
1562908672 e &array[0]                   END OF timer_obj.c 68
1562905440 s &actual_num_timers          size=    4 bytes count=   1 timer_obj.c 69
1562905444 e &actual_num_timers          END OF timer_obj.c 69
1563025472 s &igrid                      size=43296 bytes count=   1 igrid_obj.c 106
1563068768 e &igrid                      END OF igrid_obj.c 106
1563025468 s &igrid_count                size=    4 bytes count=   1 igrid_obj.c 107
1563025472 e &igrid_count                END OF igrid_obj.c 107
1563025408 s &road_pixel_count[0]        size=    4 bytes count=  15 igrid_obj.c 108
1563025468 e &road_pixel_count[0]        END OF igrid_obj.c 108
1563025400 s &excld_count                size=    4 bytes count=   1 igrid_obj.c 109
1563025404 e &excld_count                END OF igrid_obj.c 109
1563025280 s &percent_road[0]            size=    8 bytes count=  15 igrid_obj.c 110
1563025400 e &percent_road[0]            END OF igrid_obj.c 110
1563025248 s &total_pixels               size=    4 bytes count=   1 igrid_obj.c 111
1563025252 e &total_pixels               END OF igrid_obj.c 111
1563075008 s &z                          size= 1232 bytes count=   1 pgrid_obj.c 53
1563076240 e &z                          END OF pgrid_obj.c 53
1563073760 s &deltatron                  size= 1232 bytes count=   1 pgrid_obj.c 54
1563074992 e &deltatron                  END OF pgrid_obj.c 54
1563072512 s &delta                      size= 1232 bytes count=   1 pgrid_obj.c 55
1563073744 e &delta                      END OF pgrid_obj.c 55
1563071264 s &land1                      size= 1232 bytes count=   1 pgrid_obj.c 56
1563072496 e &land1                      END OF pgrid_obj.c 56
1563070016 s &land2                      size= 1232 bytes count=   1 pgrid_obj.c 57
1563071248 e &land2                      END OF pgrid_obj.c 57
1563068768 s &cumulate                   size= 1232 bytes count=   1 pgrid_obj.c 58
1563070000 e &cumulate                   END OF pgrid_obj.c 58
1562887104 s &cir_q[0]                   size=    8 bytes count=1000 stats_obj.c 2702
1562895104 e &cir_q[0]                   END OF stats_obj.c 2702
1562904224 s &stats_actual[0]            size=   80 bytes count=  15 stats_obj.c 2703
1562905424 e &stats_actual[0]            END OF stats_obj.c 2703
1562904128 s &regression                 size=   80 bytes count=   1 stats_obj.c 2704
1562904208 e &regression                 END OF stats_obj.c 2704
1562901248 s &average[0]                 size=  192 bytes count=  15 stats_obj.c 2705
1562904128 e &average[0]                 END OF stats_obj.c 2705
1562898368 s &std_dev[0]                 size=  192 bytes count=  15 stats_obj.c 2706
1562901248 e &std_dev[0]                 END OF stats_obj.c 2706
1562895488 s &running_total[0]           size=  192 bytes count=  15 stats_obj.c 2707
1562898368 e &running_total[0]           END OF stats_obj.c 2707
1562895136 s &urbanization_attempt       size=   40 bytes count=   1 stats_obj.c 2708
1562895176 e &urbanization_attempt       END OF stats_obj.c 2708
1563147264 s &nrows                      size=    4 bytes count=   1 memory_obj.c 121
1563147268 e &nrows                      END OF memory_obj.c 121
1563147260 s &ncols                      size=    4 bytes count=   1 memory_obj.c 122
1563147264 e &ncols                      END OF memory_obj.c 122
1563147256 s &total_pixels               size=    4 bytes count=   1 memory_obj.c 123
1563147260 e &total_pixels               END OF memory_obj.c 123
1563147248 s &invalid_val                size=    8 bytes count=   1 memory_obj.c 124
1563147256 e &invalid_val                END OF memory_obj.c 124
1563147040 s &igrid_free[0]              size=    4 bytes count=  50 memory_obj.c 126
1563147240 e &igrid_free[0]              END OF memory_obj.c 126
1563147008 s &igrid_free_tos             size=    4 bytes count=   1 memory_obj.c 127
1563147012 e &igrid_free_tos             END OF memory_obj.c 127
1563123808 s &igrid_array[0]             size=  464 bytes count=  50 memory_obj.c 128
1563147008 e &igrid_array[0]             END OF memory_obj.c 128
1563123584 s &pgrid_free[0]              size=    4 bytes count=  50 memory_obj.c 130
1563123784 e &pgrid_free[0]              END OF memory_obj.c 130
1563123552 s &pgrid_free_tos             size=    4 bytes count=   1 memory_obj.c 131
1563123556 e &pgrid_free_tos             END OF memory_obj.c 131
1563100352 s &pgrid_array[0]             size=  464 bytes count=  50 memory_obj.c 132
1563123552 e &pgrid_array[0]             END OF memory_obj.c 132
1563100128 s &wgrid_free[0]              size=    4 bytes count=  50 memory_obj.c 134
1563100328 e &wgrid_free[0]              END OF memory_obj.c 134
1563100100 s &wgrid_free_tos             size=    4 bytes count=   1 memory_obj.c 135
1563100104 e &wgrid_free_tos             END OF memory_obj.c 135
1563100096 s &min_wgrid_free_tos         size=    4 bytes count=   1 memory_obj.c 136
1563100100 e &min_wgrid_free_tos         END OF memory_obj.c 136
1563076896 s &wgrid_array[0]             size=  464 bytes count=  50 memory_obj.c 137
1563100096 e &wgrid_array[0]             END OF memory_obj.c 137
1563076476 s &mem_check_count            size=    4 bytes count=   1 memory_obj.c 139
1563076480 e &mem_check_count            END OF memory_obj.c 139
1563076472 s &mem_check_size             size=    4 bytes count=   1 memory_obj.c 140
1563076476 e &mem_check_size             END OF memory_obj.c 140
1563076468 s &igrid_size                 size=    4 bytes count=   1 memory_obj.c 141
1563076472 e &igrid_size                 END OF memory_obj.c 141
1563076464 s &pgrid_size                 size=    4 bytes count=   1 memory_obj.c 142
1563076468 e &pgrid_size                 END OF memory_obj.c 142
1563076460 s &wgrid_size                 size=    4 bytes count=   1 memory_obj.c 143
1563076464 e &wgrid_size                 END OF memory_obj.c 143
1563076456 s &bytes_p_grid               size=    4 bytes count=   1 memory_obj.c 145
1563076460 e &bytes_p_grid               END OF memory_obj.c 145
1563076452 s &bytes_p_grid_rounded2wordboundary size=    4 bytes count=   1 memory_obj.c 146
1563076456 e &bytes_p_grid_rounded2wordboundary END OF memory_obj.c 146
1563076448 s &bytes_p_packed_grid        size=    4 bytes count=   1 memory_obj.c 147
1563076452 e &bytes_p_packed_grid        END OF memory_obj.c 147
1563076444 s &bytes_p_packed_grid_rounded2wordboundary size=    4 bytes count=   1 memory_obj.c 148
1563076448 e &bytes_p_packed_grid_rounded2wordboundary END OF memory_obj.c 148
1563076440 s &bytes2allocate             size=    4 bytes count=   1 memory_obj.c 149
1563076444 e &bytes2allocate             END OF memory_obj.c 149
1563076432 s &mem_ptr                    size=    8 bytes count=   1 memory_obj.c 150
1563076440 e &mem_ptr                    END OF memory_obj.c 150
1563076424 s &igrid_count                size=    4 bytes count=   1 memory_obj.c 151
1563076428 e &igrid_count                END OF memory_obj.c 151
1563076420 s &pgrid_count                size=    4 bytes count=   1 memory_obj.c 152
1563076424 e &pgrid_count                END OF memory_obj.c 152
1563076416 s &wgrid_count                size=    4 bytes count=   1 memory_obj.c 153
1563076420 e &wgrid_count                END OF memory_obj.c 153
1563076408 s &memlog_fp                  size=    8 bytes count=   1 memory_obj.c 154
1563076416 e &memlog_fp                  END OF memory_obj.c 154
1562908716 s &type_of_processing         size=    4 bytes count=   1 proc_obj.c 50
1562908720 e &type_of_processing         END OF proc_obj.c 50
1562908712 s &total_runs                 size=    4 bytes count=   1 proc_obj.c 51
1562908716 e &total_runs                 END OF proc_obj.c 51
1562908704 s &last_run                   size=    4 bytes count=   1 proc_obj.c 52
1562908708 e &last_run                   END OF proc_obj.c 52
1562908700 s &last_mc                    size=    4 bytes count=   1 proc_obj.c 53
1562908704 e &last_mc                    END OF proc_obj.c 53
1562908696 s &current_run                size=    4 bytes count=   1 proc_obj.c 54
1562908700 e &current_run                END OF proc_obj.c 54
1562908692 s &current_monte_carlo        size=    4 bytes count=   1 proc_obj.c 55
1562908696 e &current_monte_carlo        END OF proc_obj.c 55
1562908688 s &current_year               size=    4 bytes count=   1 proc_obj.c 56
1562908692 e &current_year               END OF proc_obj.c 56
1562908684 s &stop_year                  size=    4 bytes count=   1 proc_obj.c 57
1562908688 e &stop_year                  END OF proc_obj.c 57
1562908676 s &last_run_flag              size=    4 bytes count=   1 proc_obj.c 58
1562908680 e &last_run_flag              END OF proc_obj.c 58
1562908672 s &last_mc_flag               size=    4 bytes count=   1 proc_obj.c 59
1562908676 e &last_mc_flag               END OF proc_obj.c 59
1562917792 s &class_indices[0]           size=  104 bytes count=  20 landclass_obj.c 78
1562919872 e &class_indices[0]           END OF landclass_obj.c 78
1562916768 s &new_indices[0]             size=    4 bytes count= 256 landclass_obj.c 79
1562917792 e &new_indices[0]             END OF landclass_obj.c 79
1562914688 s &landuse_classes[0]         size=  104 bytes count=  20 landclass_obj.c 80
1562916768 e &landuse_classes[0]         END OF landclass_obj.c 80
1562914684 s &urban_code                 size=    4 bytes count=   1 landclass_obj.c 81
1562914688 e &urban_code                 END OF landclass_obj.c 81
1562914680 s &num_landclasses            size=    4 bytes count=   1 landclass_obj.c 82
1562914684 e &num_landclasses            END OF landclass_obj.c 82
1562914528 s &filename                   size=    1 bytes count= 150 landclass_obj.c 83
1562914524 s &max_landclass_num          size=    4 bytes count=   1 landclass_obj.c 84
1562914528 e &max_landclass_num          END OF landclass_obj.c 84
1562914520 s &num_reduced_classes        size=    4 bytes count=   1 landclass_obj.c 85
1562914524 e &num_reduced_classes        END OF landclass_obj.c 85
1562914368 s &annual_prob_filename       size=    1 bytes count= 150 landclass_obj.c 86
1562914336 s &ugm_read                   size=    4 bytes count=   1 landclass_obj.c 87
1562914340 e &ugm_read                   END OF landclass_obj.c 87
1562921280 s &scenario                   size=103968 bytes count=   1 scenario_obj.c 84
1563025248 e &scenario                   END OF scenario_obj.c 84
1562913760 s &class_slope[0]             size=    8 bytes count=  20 transition_obj.c 70
1562913920 e &class_slope[0]             END OF transition_obj.c 70
1562910560 s &ftransition[0]             size=    8 bytes count= 400 transition_obj.c 71
1562913760 e &ftransition[0]             END OF transition_obj.c 71
1562910528 s &pct                        size=    8 bytes count=   1 transition_obj.c 72
1562910536 e &pct                        END OF transition_obj.c 72
1562908928 s &transition[0]              size=    4 bytes count= 400 transition_obj.c 73
1562910528 e &transition[0]              END OF transition_obj.c 73
1562908768 s &class_count[0][0]          size=    4 bytes count=  40 transition_obj.c 74
1562908928 e &class_count[0][0]          END OF transition_obj.c 74
1562908748 s &trans_count                size=    4 bytes count=   1 transition_obj.c 75
1562908752 e &trans_count                END OF transition_obj.c 75
1562908744 s &class_count_sum0           size=    4 bytes count=   1 transition_obj.c 76
1562908748 e &class_count_sum0           END OF transition_obj.c 76
1562908740 s &class_count_sum1           size=    4 bytes count=   1 transition_obj.c 77
1562908744 e &class_count_sum1           END OF transition_obj.c 77
1562908736 s &num_classes                size=    4 bytes count=   1 transition_obj.c 78
1562908740 e &num_classes                END OF transition_obj.c 78
